<?xml version="1.0" encoding="UTF-8"?>
<robot generator="Robot 3.2.2 (Python 3.9.0 on win32)" generated="20201125 20:10:39.143" rpa="false">
<suite id="s1" name="Training-J" source="C:\Users\korpe\boi2\boi3\Git-training-2\training-j.robot">
<kw name="Prepare Browser" library="resource" type="setup">
<kw name="Open Browser" library="SeleniumLibrary">
<doc>Opens a new browser instance to the optional ``url``.</doc>
<arguments>
<arg>${SERVER}List</arg>
<arg>${BROWSER}</arg>
<arg>executable_path=${DRIVER}</arg>
</arguments>
<msg timestamp="20201125 20:10:39.328" level="INFO">Opening browser 'Chrome' to base url 'https://obstaclecourse.tricentis.com/Obstacles/List'.</msg>
<status status="PASS" starttime="20201125 20:10:39.328" endtime="20201125 20:10:43.590"></status>
</kw>
<kw name="Maximize Browser Window" library="SeleniumLibrary">
<doc>Maximizes current browser window.</doc>
<status status="PASS" starttime="20201125 20:10:43.590" endtime="20201125 20:10:45.746"></status>
</kw>
<kw name="Set Selenium Speed" library="SeleniumLibrary">
<doc>Sets the delay that is waited after each Selenium command.</doc>
<arguments>
<arg>${DELAY}</arg>
</arguments>
<status status="PASS" starttime="20201125 20:10:45.746" endtime="20201125 20:10:45.746"></status>
</kw>
<status status="PASS" starttime="20201125 20:10:39.327" endtime="20201125 20:10:45.746"></status>
</kw>
<test id="s1-t1" name="Twins">
<kw name="Open Obstacle" library="resource" type="setup">
<kw name="Go To" library="SeleniumLibrary">
<doc>Navigates the current browser window to the provided ``url``.</doc>
<arguments>
<arg>${SERVER}${TEST TAGS}[0]</arg>
</arguments>
<msg timestamp="20201125 20:10:45.747" level="INFO">Opening url 'https://obstaclecourse.tricentis.com/Obstacles/12952'</msg>
<status status="PASS" starttime="20201125 20:10:45.747" endtime="20201125 20:10:45.993"></status>
</kw>
<status status="PASS" starttime="20201125 20:10:45.747" endtime="20201125 20:10:45.993"></status>
</kw>
<kw name="Wait Until Page Contains Element" library="SeleniumLibrary">
<doc>Waits until the element ``locator`` appears on the current page.</doc>
<arguments>
<arg>xpath=(//a[@id="id"])[2]</arg>
</arguments>
<status status="PASS" starttime="20201125 20:10:45.994" endtime="20201125 20:10:46.003"></status>
</kw>
<kw name="Click Element" library="SeleniumLibrary">
<doc>Click the element identified by ``locator``.</doc>
<arguments>
<arg>xpath=(//a[@id="id"])[2]</arg>
</arguments>
<msg timestamp="20201125 20:10:46.004" level="INFO">Clicking element 'xpath=(//a[@id="id"])[2]'.</msg>
<status status="PASS" starttime="20201125 20:10:46.003" endtime="20201125 20:10:46.172"></status>
</kw>
<kw name="Verify Solved" library="resource" type="teardown">
<kw name="Wait Until Page Contains" library="SeleniumLibrary">
<doc>Waits until ``text`` appears on the current page.</doc>
<arguments>
<arg>Good job!</arg>
</arguments>
<status status="PASS" starttime="20201125 20:10:46.173" endtime="20201125 20:10:46.182"></status>
</kw>
<status status="PASS" starttime="20201125 20:10:46.173" endtime="20201125 20:10:46.182"></status>
</kw>
<tags>
<tag>12952</tag>
</tags>
<status status="PASS" starttime="20201125 20:10:45.746" endtime="20201125 20:10:46.183" critical="yes"></status>
</test>
<test id="s1-t2" name="Popup windows">
<kw name="Open Obstacle" library="resource" type="setup">
<kw name="Go To" library="SeleniumLibrary">
<doc>Navigates the current browser window to the provided ``url``.</doc>
<arguments>
<arg>${SERVER}${TEST TAGS}[0]</arg>
</arguments>
<msg timestamp="20201125 20:10:46.185" level="INFO">Opening url 'https://obstaclecourse.tricentis.com/Obstacles/51130'</msg>
<status status="PASS" starttime="20201125 20:10:46.185" endtime="20201125 20:10:46.393"></status>
</kw>
<status status="PASS" starttime="20201125 20:10:46.184" endtime="20201125 20:10:46.393"></status>
</kw>
<kw name="Wait Until Page Contains Element" library="SeleniumLibrary">
<doc>Waits until the element ``locator`` appears on the current page.</doc>
<arguments>
<arg>xpath=(//a[@id="button"])[1]</arg>
</arguments>
<status status="PASS" starttime="20201125 20:10:46.393" endtime="20201125 20:10:46.402"></status>
</kw>
<kw name="Click Element" library="SeleniumLibrary">
<doc>Click the element identified by ``locator``.</doc>
<arguments>
<arg>xpath=(//a[@id="button"])[1]</arg>
</arguments>
<msg timestamp="20201125 20:10:46.402" level="INFO">Clicking element 'xpath=(//a[@id="button"])[1]'.</msg>
<status status="PASS" starttime="20201125 20:10:46.402" endtime="20201125 20:10:46.484"></status>
</kw>
<kw name="Verify Solved" library="resource" type="teardown">
<kw name="Wait Until Page Contains" library="SeleniumLibrary">
<doc>Waits until ``text`` appears on the current page.</doc>
<arguments>
<arg>Good job!</arg>
</arguments>
<status status="PASS" starttime="20201125 20:10:46.485" endtime="20201125 20:10:47.138"></status>
</kw>
<status status="PASS" starttime="20201125 20:10:46.485" endtime="20201125 20:10:47.138"></status>
</kw>
<tags>
<tag>51130</tag>
</tags>
<status status="PASS" starttime="20201125 20:10:46.184" endtime="20201125 20:10:47.138" critical="yes"></status>
</test>
<status status="PASS" starttime="20201125 20:10:39.145" endtime="20201125 20:10:47.143"></status>
</suite>
<statistics>
<total>
<stat pass="2" fail="0">Critical Tests</stat>
<stat pass="2" fail="0">All Tests</stat>
</total>
<tag>
<stat pass="1" fail="0">12952</stat>
<stat pass="1" fail="0">51130</stat>
</tag>
<suite>
<stat pass="2" fail="0" id="s1" name="Training-J">Training-J</stat>
</suite>
</statistics>
<errors>
</errors>
</robot>
