<?xml version="1.0" encoding="UTF-8"?>
<robot generator="Robot 3.2.2 (Python 3.9.0 on win32)" generated="20201122 18:53:37.479" rpa="false">
<suite id="s1" name="Training" source="C:\Users\Omistaja\git-repos\Git-training-2\training.robot">
<kw name="Prepare Browser" library="resource" type="setup">
<kw name="Open Browser" library="SeleniumLibrary">
<doc>Opens a new browser instance to the optional ``url``.</doc>
<arguments>
<arg>${SERVER}List</arg>
<arg>${BROWSER}</arg>
<arg>executable_path=${DRIVER}</arg>
</arguments>
<msg timestamp="20201122 18:53:37.933" level="INFO">Opening browser 'Chrome' to base url 'https://obstaclecourse.tricentis.com/Obstacles/List'.</msg>
<status status="PASS" starttime="20201122 18:53:37.932" endtime="20201122 18:53:43.487"></status>
</kw>
<kw name="Maximize Browser Window" library="SeleniumLibrary">
<doc>Maximizes current browser window.</doc>
<status status="PASS" starttime="20201122 18:53:43.487" endtime="20201122 18:53:45.666"></status>
</kw>
<kw name="Set Selenium Speed" library="SeleniumLibrary">
<doc>Sets the delay that is waited after each Selenium command.</doc>
<arguments>
<arg>${DELAY}</arg>
</arguments>
<status status="PASS" starttime="20201122 18:53:45.666" endtime="20201122 18:53:45.666"></status>
</kw>
<status status="PASS" starttime="20201122 18:53:37.931" endtime="20201122 18:53:45.666"></status>
</kw>
<test id="s1-t1" name=" #">
<tags>
<tag>12952</tag>
</tags>
<status status="FAIL" starttime="20201122 18:53:45.666" endtime="20201122 18:53:45.673" critical="yes">Test case contains no keywords.</status>
</test>
<test id="s1-t2" name="Tomorrow">
<kw name="Open Obstacle" library="resource" type="setup">
<kw name="Go To" library="SeleniumLibrary">
<doc>Navigates the current browser window to the provided ``url``.</doc>
<arguments>
<arg>${SERVER}${TEST TAGS}[0]</arg>
</arguments>
<msg timestamp="20201122 18:53:45.696" level="INFO">Opening url 'https://obstaclecourse.tricentis.com/Obstacles/19875'</msg>
<status status="PASS" starttime="20201122 18:53:45.695" endtime="20201122 18:53:46.110"></status>
</kw>
<status status="PASS" starttime="20201122 18:53:45.695" endtime="20201122 18:53:46.110"></status>
</kw>
<kw name="Get Current Date" library="DateTime">
<doc>Returns current local or UTC time with an optional increment.</doc>
<arguments>
<arg>time_zone=local</arg>
<arg>increment=1 day</arg>
<arg>result_format=datetime</arg>
</arguments>
<assign>
<var>${datetime}</var>
</assign>
<msg timestamp="20201122 18:53:46.113" level="INFO">${datetime} = 2020-11-23 18:53:46.112803</msg>
<status status="PASS" starttime="20201122 18:53:46.111" endtime="20201122 18:53:46.113"></status>
</kw>
<kw name="Input Text" library="SeleniumLibrary">
<doc>Types the given ``text`` into the text field identified by ``locator``.</doc>
<arguments>
<arg>id=datefield</arg>
<arg>${datetime.day}.${datetime.month}.${datetime.year}</arg>
</arguments>
<msg timestamp="20201122 18:53:46.115" level="INFO">Typing text '23.11.2020' into text field 'id=datefield'.</msg>
<status status="PASS" starttime="20201122 18:53:46.114" endtime="20201122 18:53:46.671"></status>
</kw>
<kw name="Verify Solved" library="resource" type="teardown">
<kw name="Wait Until Page Contains" library="SeleniumLibrary">
<doc>Waits until ``text`` appears on the current page.</doc>
<arguments>
<arg>Good job!</arg>
</arguments>
<status status="PASS" starttime="20201122 18:53:46.673" endtime="20201122 18:53:46.706"></status>
</kw>
<status status="PASS" starttime="20201122 18:53:46.672" endtime="20201122 18:53:46.706"></status>
</kw>
<tags>
<tag>19875</tag>
</tags>
<status status="PASS" starttime="20201122 18:53:45.694" endtime="20201122 18:53:46.707" critical="yes"></status>
</test>
<status status="FAIL" starttime="20201122 18:53:37.482" endtime="20201122 18:53:46.718"></status>
</suite>
<statistics>
<total>
<stat pass="1" fail="1">Critical Tests</stat>
<stat pass="1" fail="1">All Tests</stat>
</total>
<tag>
<stat pass="0" fail="1">12952</stat>
<stat pass="1" fail="0">19875</stat>
</tag>
<suite>
<stat pass="1" fail="1" id="s1" name="Training">Training</stat>
</suite>
</statistics>
<errors>
</errors>
</robot>
